<?xml version="1.0" encoding="UTF-8"?>
<!-- Generated by org.testng.reporters.JUnitReportReporter -->
<testsuite skipped="0" hostname="DESKTOP-536L0VO" name="NewOpep.Fun.Alerttext" tests="1" failures="0" timestamp="06 Feb 2019 02:01:02 GMT" time="15.038" errors="0">
  <testcase name="ksrtc" time="15.038" classname="NewOpep.Fun.Alerttext"/>
</testsuite> <!-- NewOpep.Fun.Alerttext -->
